This file contains any messages produced by compilers while
running configure, to aid debugging if configure makes a mistake.

It was created by HaiGo configure 0.1, which was
generated by GNU Autoconf 2.67.  Invocation command line was

  $ ./configure CFLAGS=--coverage -g -O0

## --------- ##
## Platform. ##
## --------- ##

hostname = vie1cdorner-d1
uname -m = i686
uname -r = 2.6.35-32-generic
uname -s = Linux
uname -v = #64-Ubuntu SMP Mon Jan 2 23:31:33 UTC 2012

/usr/bin/uname -p = unknown
/bin/uname -X     = unknown

/bin/arch              = unknown
/usr/bin/arch -k       = unknown
/usr/convex/getsysinfo = unknown
/usr/bin/hostinfo      = unknown
/bin/machine           = unknown
/usr/bin/oslevel       = unknown
/bin/universe          = unknown

PATH: /home/cdorner/go/bin
PATH: /home/cdorner/bin
PATH: /usr/local/sbin
PATH: /usr/local/bin
PATH: /usr/sbin
PATH: /usr/bin
PATH: /sbin
PATH: /bin
PATH: /usr/games
PATH: /home/cdorner/android-sdk-linux/tools
PATH: /home/cdorner/android-sdk-linux/platforms
PATH: /home/cdorner/android-sdk-linux/add-ons


## ----------- ##
## Core tests. ##
## ----------- ##

configure:2057: checking for a BSD-compatible install
configure:2125: result: /usr/bin/install -c
configure:2136: checking whether build environment is sane
configure:2186: result: yes
configure:2327: checking for a thread-safe mkdir -p
configure:2366: result: /bin/mkdir -p
configure:2379: checking for gawk
configure:2395: found /usr/bin/gawk
configure:2406: result: gawk
configure:2417: checking whether make sets $(MAKE)
configure:2439: result: yes
configure:2573: checking for pkg-config
configure:2591: found /usr/bin/pkg-config
configure:2603: result: /usr/bin/pkg-config
configure:2628: checking pkg-config is at least version 0.9.0
configure:2631: result: yes
configure:2641: checking for CHECK
configure:2648: $PKG_CONFIG --exists --print-errors "check >= 0.9.4"
configure:2651: $? = 0
configure:2664: $PKG_CONFIG --exists --print-errors "check >= 0.9.4"
configure:2667: $? = 0
configure:2724: result: yes
configure:2781: checking for gcc
configure:2797: found /usr/local/bin/gcc
configure:2808: result: gcc
configure:3037: checking for C compiler version
configure:3046: gcc --version >&5
gcc (GCC) 4.5.0 20091110 (experimental)
Copyright (C) 2009 Free Software Foundation, Inc.
This is free software; see the source for copying conditions.  There is NO
warranty; not even for MERCHANTABILITY or FITNESS FOR A PARTICULAR PURPOSE.

configure:3057: $? = 0
configure:3046: gcc -v >&5
Using built-in specs.
COLLECT_GCC=gcc
COLLECT_LTO_WRAPPER=/usr/local/libexec/gcc/i686-pc-linux-gnu/4.5.0/lto-wrapper
Target: i686-pc-linux-gnu
Configured with: ./configure --enable-languages=c,c++,go --with-arch=i686
Thread model: posix
gcc version 4.5.0 20091110 (experimental) (GCC) 
configure:3057: $? = 0
configure:3046: gcc -V >&5
gcc: '-V' option must have argument
configure:3057: $? = 1
configure:3046: gcc -qversion >&5
gcc: unrecognized option '-qversion'
gcc: no input files
configure:3057: $? = 1
configure:3077: checking whether the C compiler works
configure:3099: gcc --coverage -g -O0   conftest.c  >&5
configure:3103: $? = 0
configure:3151: result: yes
configure:3154: checking for C compiler default output file name
configure:3156: result: a.out
configure:3162: checking for suffix of executables
configure:3169: gcc -o conftest --coverage -g -O0   conftest.c  >&5
configure:3173: $? = 0
configure:3195: result: 
configure:3217: checking whether we are cross compiling
configure:3225: gcc -o conftest --coverage -g -O0   conftest.c  >&5
configure:3229: $? = 0
configure:3236: ./conftest
configure:3240: $? = 0
configure:3255: result: no
configure:3260: checking for suffix of object files
configure:3282: gcc -c --coverage -g -O0  conftest.c >&5
configure:3286: $? = 0
configure:3307: result: o
configure:3311: checking whether we are using the GNU C compiler
configure:3330: gcc -c --coverage -g -O0  conftest.c >&5
configure:3330: $? = 0
configure:3339: result: yes
configure:3348: checking whether gcc accepts -g
configure:3368: gcc -c -g  conftest.c >&5
configure:3368: $? = 0
configure:3409: result: yes
configure:3426: checking for gcc option to accept ISO C89
configure:3490: gcc  -c --coverage -g -O0  conftest.c >&5
configure:3490: $? = 0
configure:3503: result: none needed
configure:3534: checking for style of include used by make
configure:3562: result: GNU
configure:3587: checking dependency style of gcc
configure:3697: result: gcc3
configure:3713: checking whether gcc and cc understand -c and -o together
configure:3744: gcc -c conftest.c -o conftest2.o >&5
configure:3748: $? = 0
configure:3754: gcc -c conftest.c -o conftest2.o >&5
configure:3758: $? = 0
configure:3769: cc -c conftest.c >&5
configure:3773: $? = 0
configure:3781: cc -c conftest.c -o conftest2.o >&5
configure:3785: $? = 0
configure:3791: cc -c conftest.c -o conftest2.o >&5
configure:3795: $? = 0
configure:3813: result: yes
configure:3848: checking how to run the C preprocessor
configure:3879: gcc -E  conftest.c
configure:3879: $? = 0
configure:3893: gcc -E  conftest.c
conftest.c:11:28: fatal error: ac_nonexistent.h: No such file or directory
compilation terminated.
configure:3893: $? = 1
configure: failed program was:
| /* confdefs.h */
| #define PACKAGE_NAME "HaiGo"
| #define PACKAGE_TARNAME "haigo"
| #define PACKAGE_VERSION "0.1"
| #define PACKAGE_STRING "HaiGo 0.1"
| #define PACKAGE_BUGREPORT "clemens.dorner@gmail.com"
| #define PACKAGE_URL ""
| #define PACKAGE "haigo"
| #define VERSION "0.1"
| /* end confdefs.h.  */
| #include <ac_nonexistent.h>
configure:3918: result: gcc -E
configure:3938: gcc -E  conftest.c
configure:3938: $? = 0
configure:3952: gcc -E  conftest.c
conftest.c:11:28: fatal error: ac_nonexistent.h: No such file or directory
compilation terminated.
configure:3952: $? = 1
configure: failed program was:
| /* confdefs.h */
| #define PACKAGE_NAME "HaiGo"
| #define PACKAGE_TARNAME "haigo"
| #define PACKAGE_VERSION "0.1"
| #define PACKAGE_STRING "HaiGo 0.1"
| #define PACKAGE_BUGREPORT "clemens.dorner@gmail.com"
| #define PACKAGE_URL ""
| #define PACKAGE "haigo"
| #define VERSION "0.1"
| /* end confdefs.h.  */
| #include <ac_nonexistent.h>
configure:3981: checking for grep that handles long lines and -e
configure:4039: result: /bin/grep
configure:4044: checking for egrep
configure:4106: result: /bin/grep -E
configure:4111: checking for ANSI C header files
configure:4131: gcc -c --coverage -g -O0  conftest.c >&5
configure:4131: $? = 0
configure:4204: gcc -o conftest --coverage -g -O0   conftest.c  >&5
configure:4204: $? = 0
configure:4204: ./conftest
configure:4204: $? = 0
configure:4215: result: yes
configure:4228: checking for sys/types.h
configure:4228: gcc -c --coverage -g -O0  conftest.c >&5
configure:4228: $? = 0
configure:4228: result: yes
configure:4228: checking for sys/stat.h
configure:4228: gcc -c --coverage -g -O0  conftest.c >&5
configure:4228: $? = 0
configure:4228: result: yes
configure:4228: checking for stdlib.h
configure:4228: gcc -c --coverage -g -O0  conftest.c >&5
configure:4228: $? = 0
configure:4228: result: yes
configure:4228: checking for string.h
configure:4228: gcc -c --coverage -g -O0  conftest.c >&5
configure:4228: $? = 0
configure:4228: result: yes
configure:4228: checking for memory.h
configure:4228: gcc -c --coverage -g -O0  conftest.c >&5
configure:4228: $? = 0
configure:4228: result: yes
configure:4228: checking for strings.h
configure:4228: gcc -c --coverage -g -O0  conftest.c >&5
configure:4228: $? = 0
configure:4228: result: yes
configure:4228: checking for inttypes.h
configure:4228: gcc -c --coverage -g -O0  conftest.c >&5
configure:4228: $? = 0
configure:4228: result: yes
configure:4228: checking for stdint.h
configure:4228: gcc -c --coverage -g -O0  conftest.c >&5
configure:4228: $? = 0
configure:4228: result: yes
configure:4228: checking for unistd.h
configure:4228: gcc -c --coverage -g -O0  conftest.c >&5
configure:4228: $? = 0
configure:4228: result: yes
configure:4243: checking for stdlib.h
configure:4243: result: yes
configure:4243: checking stdbool.h usability
configure:4243: gcc -c --coverage -g -O0  conftest.c >&5
configure:4243: $? = 0
configure:4243: result: yes
configure:4243: checking stdbool.h presence
configure:4243: gcc -E  conftest.c
configure:4243: $? = 0
configure:4243: result: yes
configure:4243: checking for stdbool.h
configure:4243: result: yes
configure:4380: creating ./config.status

## ---------------------- ##
## Running config.status. ##
## ---------------------- ##

This file was extended by HaiGo config.status 0.1, which was
generated by GNU Autoconf 2.67.  Invocation command line was

  CONFIG_FILES    = 
  CONFIG_HEADERS  = 
  CONFIG_LINKS    = 
  CONFIG_COMMANDS = 
  $ ./config.status 

on vie1cdorner-d1

config.status:865: creating Makefile
config.status:865: creating src/Makefile
config.status:865: creating tests/Makefile
config.status:865: creating config.h
config.status:1045: config.h is unchanged
config.status:1093: executing depfiles commands

## ---------------- ##
## Cache variables. ##
## ---------------- ##

ac_cv_c_compiler_gnu=yes
ac_cv_env_CC_set=
ac_cv_env_CC_value=
ac_cv_env_CFLAGS_set=set
ac_cv_env_CFLAGS_value='--coverage -g -O0'
ac_cv_env_CHECK_CFLAGS_set=
ac_cv_env_CHECK_CFLAGS_value=
ac_cv_env_CHECK_LIBS_set=
ac_cv_env_CHECK_LIBS_value=
ac_cv_env_CPPFLAGS_set=
ac_cv_env_CPPFLAGS_value=
ac_cv_env_CPP_set=
ac_cv_env_CPP_value=
ac_cv_env_LDFLAGS_set=
ac_cv_env_LDFLAGS_value=
ac_cv_env_LIBS_set=
ac_cv_env_LIBS_value=
ac_cv_env_PKG_CONFIG_LIBDIR_set=
ac_cv_env_PKG_CONFIG_LIBDIR_value=
ac_cv_env_PKG_CONFIG_PATH_set=
ac_cv_env_PKG_CONFIG_PATH_value=
ac_cv_env_PKG_CONFIG_set=
ac_cv_env_PKG_CONFIG_value=
ac_cv_env_build_alias_set=
ac_cv_env_build_alias_value=
ac_cv_env_host_alias_set=
ac_cv_env_host_alias_value=
ac_cv_env_target_alias_set=
ac_cv_env_target_alias_value=
ac_cv_header_inttypes_h=yes
ac_cv_header_memory_h=yes
ac_cv_header_stdbool_h=yes
ac_cv_header_stdc=yes
ac_cv_header_stdint_h=yes
ac_cv_header_stdlib_h=yes
ac_cv_header_string_h=yes
ac_cv_header_strings_h=yes
ac_cv_header_sys_stat_h=yes
ac_cv_header_sys_types_h=yes
ac_cv_header_unistd_h=yes
ac_cv_objext=o
ac_cv_path_EGREP='/bin/grep -E'
ac_cv_path_GREP=/bin/grep
ac_cv_path_ac_pt_PKG_CONFIG=/usr/bin/pkg-config
ac_cv_path_install='/usr/bin/install -c'
ac_cv_path_mkdir=/bin/mkdir
ac_cv_prog_AWK=gawk
ac_cv_prog_CPP='gcc -E'
ac_cv_prog_ac_ct_CC=gcc
ac_cv_prog_cc_c89=
ac_cv_prog_cc_g=yes
ac_cv_prog_cc_gcc_c_o=yes
ac_cv_prog_make_make_set=yes
am_cv_CC_dependencies_compiler_type=gcc3
pkg_cv_CHECK_CFLAGS=' '
pkg_cv_CHECK_LIBS='-lcheck  '

## ----------------- ##
## Output variables. ##
## ----------------- ##

ACLOCAL='${SHELL} /home/cdorner/haigo/missing --run aclocal-1.11'
AMDEPBACKSLASH='\'
AMDEP_FALSE='#'
AMDEP_TRUE=''
AMTAR='${SHELL} /home/cdorner/haigo/missing --run tar'
AUTOCONF='${SHELL} /home/cdorner/haigo/missing --run autoconf'
AUTOHEADER='${SHELL} /home/cdorner/haigo/missing --run autoheader'
AUTOMAKE='${SHELL} /home/cdorner/haigo/missing --run automake-1.11'
AWK='gawk'
CC='gcc'
CCDEPMODE='depmode=gcc3'
CFLAGS='--coverage -g -O0'
CHECK_CFLAGS=' '
CHECK_LIBS='-lcheck  '
CPP='gcc -E'
CPPFLAGS=''
CYGPATH_W='echo'
DEFS='-DHAVE_CONFIG_H'
DEPDIR='.deps'
ECHO_C=''
ECHO_N='-n'
ECHO_T=''
EGREP='/bin/grep -E'
EXEEXT=''
GREP='/bin/grep'
INSTALL_DATA='${INSTALL} -m 644'
INSTALL_PROGRAM='${INSTALL}'
INSTALL_SCRIPT='${INSTALL}'
INSTALL_STRIP_PROGRAM='$(install_sh) -c -s'
LDFLAGS=''
LIBOBJS=''
LIBS=''
LTLIBOBJS=''
MAKEINFO='${SHELL} /home/cdorner/haigo/missing --run makeinfo'
MKDIR_P='/bin/mkdir -p'
OBJEXT='o'
PACKAGE='haigo'
PACKAGE_BUGREPORT='clemens.dorner@gmail.com'
PACKAGE_NAME='HaiGo'
PACKAGE_STRING='HaiGo 0.1'
PACKAGE_TARNAME='haigo'
PACKAGE_URL=''
PACKAGE_VERSION='0.1'
PATH_SEPARATOR=':'
PKG_CONFIG='/usr/bin/pkg-config'
PKG_CONFIG_LIBDIR=''
PKG_CONFIG_PATH=''
SET_MAKE=''
SHELL='/bin/bash'
STRIP=''
VERSION='0.1'
ac_ct_CC='gcc'
am__EXEEXT_FALSE=''
am__EXEEXT_TRUE='#'
am__fastdepCC_FALSE='#'
am__fastdepCC_TRUE=''
am__include='include'
am__isrc=''
am__leading_dot='.'
am__quote=''
am__tar='${AMTAR} chof - "$$tardir"'
am__untar='${AMTAR} xf -'
bindir='${exec_prefix}/bin'
build_alias=''
datadir='${datarootdir}'
datarootdir='${prefix}/share'
docdir='${datarootdir}/doc/${PACKAGE_TARNAME}'
dvidir='${docdir}'
exec_prefix='${prefix}'
host_alias=''
htmldir='${docdir}'
includedir='${prefix}/include'
infodir='${datarootdir}/info'
install_sh='${SHELL} /home/cdorner/haigo/install-sh'
libdir='${exec_prefix}/lib'
libexecdir='${exec_prefix}/libexec'
localedir='${datarootdir}/locale'
localstatedir='${prefix}/var'
mandir='${datarootdir}/man'
mkdir_p='/bin/mkdir -p'
oldincludedir='/usr/include'
pdfdir='${docdir}'
prefix='/usr/local'
program_transform_name='s,x,x,'
psdir='${docdir}'
sbindir='${exec_prefix}/sbin'
sharedstatedir='${prefix}/com'
sysconfdir='${prefix}/etc'
target_alias=''

## ----------- ##
## confdefs.h. ##
## ----------- ##

/* confdefs.h */
#define PACKAGE_NAME "HaiGo"
#define PACKAGE_TARNAME "haigo"
#define PACKAGE_VERSION "0.1"
#define PACKAGE_STRING "HaiGo 0.1"
#define PACKAGE_BUGREPORT "clemens.dorner@gmail.com"
#define PACKAGE_URL ""
#define PACKAGE "haigo"
#define VERSION "0.1"
#define STDC_HEADERS 1
#define HAVE_SYS_TYPES_H 1
#define HAVE_SYS_STAT_H 1
#define HAVE_STDLIB_H 1
#define HAVE_STRING_H 1
#define HAVE_MEMORY_H 1
#define HAVE_STRINGS_H 1
#define HAVE_INTTYPES_H 1
#define HAVE_STDINT_H 1
#define HAVE_UNISTD_H 1
#define HAVE_STDLIB_H 1
#define HAVE_STDBOOL_H 1

configure: exit 0
