\BOOKMARK [0][-]{chapter.1}{\376\377\000M\000o\000d\000u\000l\000e\000\040\000I\000n\000d\000e\000x}{}
\BOOKMARK [1][-]{section.1.1}{\376\377\000M\000o\000d\000u\000l\000e\000s}{chapter.1}
\BOOKMARK [0][-]{chapter.2}{\376\377\000D\000a\000t\000a\000\040\000S\000t\000r\000u\000c\000t\000u\000r\000e\000\040\000I\000n\000d\000e\000x}{}
\BOOKMARK [1][-]{section.2.1}{\376\377\000D\000a\000t\000a\000\040\000S\000t\000r\000u\000c\000t\000u\000r\000e\000s}{chapter.2}
\BOOKMARK [0][-]{chapter.3}{\376\377\000F\000i\000l\000e\000\040\000I\000n\000d\000e\000x}{}
\BOOKMARK [1][-]{section.3.1}{\376\377\000F\000i\000l\000e\000\040\000L\000i\000s\000t}{chapter.3}
\BOOKMARK [0][-]{chapter.4}{\376\377\000M\000o\000d\000u\000l\000e\000\040\000D\000o\000c\000u\000m\000e\000n\000t\000a\000t\000i\000o\000n}{}
\BOOKMARK [1][-]{section.4.1}{\376\377\000G\000o\000\040\000T\000e\000x\000t\000\040\000P\000r\000o\000t\000o\000c\000o\000l\000\040\000C\000o\000m\000m\000a\000n\000d\000s}{chapter.4}
\BOOKMARK [2][-]{subsection.4.1.1}{\376\377\000D\000e\000t\000a\000i\000l\000e\000d\000\040\000D\000e\000s\000c\000r\000i\000p\000t\000i\000o\000n}{section.4.1}
\BOOKMARK [1][-]{section.4.2}{\376\377\000G\000o\000\040\000T\000e\000x\000t\000\040\000P\000r\000o\000t\000o\000c\000o\000l\000\040\000A\000d\000m\000i\000n\000i\000s\000t\000r\000a\000t\000i\000v\000e\000\040\000C\000o\000m\000m\000a\000n\000d\000s}{chapter.4}
\BOOKMARK [2][-]{subsection.4.2.1}{\376\377\000F\000u\000n\000c\000t\000i\000o\000n\000\040\000D\000o\000c\000u\000m\000e\000n\000t\000a\000t\000i\000o\000n}{section.4.2}
\BOOKMARK [3][-]{subsubsection.4.2.1.1}{\376\377\000g\000t\000p\000\137\000k\000n\000o\000w\000n\000\137\000c\000o\000m\000m\000a\000n\000d}{subsection.4.2.1}
\BOOKMARK [3][-]{subsubsection.4.2.1.2}{\376\377\000g\000t\000p\000\137\000l\000i\000s\000t\000\137\000c\000o\000m\000m\000a\000n\000d\000s}{subsection.4.2.1}
\BOOKMARK [3][-]{subsubsection.4.2.1.3}{\376\377\000g\000t\000p\000\137\000n\000a\000m\000e}{subsection.4.2.1}
\BOOKMARK [3][-]{subsubsection.4.2.1.4}{\376\377\000g\000t\000p\000\137\000p\000r\000o\000t\000o\000c\000o\000l\000\137\000v\000e\000r\000s\000i\000o\000n}{subsection.4.2.1}
\BOOKMARK [3][-]{subsubsection.4.2.1.5}{\376\377\000g\000t\000p\000\137\000q\000u\000i\000t}{subsection.4.2.1}
\BOOKMARK [3][-]{subsubsection.4.2.1.6}{\376\377\000g\000t\000p\000\137\000v\000e\000r\000s\000i\000o\000n}{subsection.4.2.1}
\BOOKMARK [1][-]{section.4.3}{\376\377\000G\000o\000\040\000T\000e\000x\000t\000\040\000P\000r\000o\000t\000o\000c\000o\000l\000\040\000S\000e\000t\000u\000p\000\040\000C\000o\000m\000m\000a\000n\000d\000s}{chapter.4}
\BOOKMARK [2][-]{subsection.4.3.1}{\376\377\000F\000u\000n\000c\000t\000i\000o\000n\000\040\000D\000o\000c\000u\000m\000e\000n\000t\000a\000t\000i\000o\000n}{section.4.3}
\BOOKMARK [3][-]{subsubsection.4.3.1.1}{\376\377\000g\000t\000p\000\137\000b\000o\000a\000r\000d\000s\000i\000z\000e}{subsection.4.3.1}
\BOOKMARK [3][-]{subsubsection.4.3.1.2}{\376\377\000g\000t\000p\000\137\000c\000l\000e\000a\000r\000\137\000b\000o\000a\000r\000d}{subsection.4.3.1}
\BOOKMARK [3][-]{subsubsection.4.3.1.3}{\376\377\000g\000t\000p\000\137\000k\000o\000m\000i}{subsection.4.3.1}
\BOOKMARK [1][-]{section.4.4}{\376\377\000G\000o\000\040\000T\000e\000x\000t\000\040\000P\000r\000o\000t\000o\000c\000o\000l\000\040\000C\000o\000r\000e\000\040\000P\000l\000a\000y\000\040\000C\000o\000m\000m\000a\000n\000d\000s}{chapter.4}
\BOOKMARK [2][-]{subsection.4.4.1}{\376\377\000F\000u\000n\000c\000t\000i\000o\000n\000\040\000D\000o\000c\000u\000m\000e\000n\000t\000a\000t\000i\000o\000n}{section.4.4}
\BOOKMARK [3][-]{subsubsection.4.4.1.1}{\376\377\000g\000t\000p\000\137\000p\000l\000a\000y}{subsection.4.4.1}
\BOOKMARK [1][-]{section.4.5}{\376\377\000G\000o\000\040\000T\000e\000x\000t\000\040\000P\000r\000o\000t\000o\000c\000o\000l\000\040\000D\000e\000b\000u\000g\000\040\000C\000o\000m\000m\000a\000n\000d\000s}{chapter.4}
\BOOKMARK [2][-]{subsection.4.5.1}{\376\377\000F\000u\000n\000c\000t\000i\000o\000n\000\040\000D\000o\000c\000u\000m\000e\000n\000t\000a\000t\000i\000o\000n}{section.4.5}
\BOOKMARK [3][-]{subsubsection.4.5.1.1}{\376\377\000g\000t\000p\000\137\000s\000h\000o\000w\000b\000o\000a\000r\000d}{subsection.4.5.1}
\BOOKMARK [0][-]{chapter.5}{\376\377\000D\000a\000t\000a\000\040\000S\000t\000r\000u\000c\000t\000u\000r\000e\000\040\000D\000o\000c\000u\000m\000e\000n\000t\000a\000t\000i\000o\000n}{}
\BOOKMARK [1][-]{section.5.1}{\376\377\000c\000o\000m\000m\000a\000n\000d\000\040\000S\000t\000r\000u\000c\000t\000\040\000R\000e\000f\000e\000r\000e\000n\000c\000e}{chapter.5}
\BOOKMARK [2][-]{subsection.5.1.1}{\376\377\000D\000e\000t\000a\000i\000l\000e\000d\000\040\000D\000e\000s\000c\000r\000i\000p\000t\000i\000o\000n}{section.5.1}
\BOOKMARK [2][-]{subsection.5.1.2}{\376\377\000F\000i\000e\000l\000d\000\040\000D\000o\000c\000u\000m\000e\000n\000t\000a\000t\000i\000o\000n}{section.5.1}
\BOOKMARK [3][-]{subsubsection.5.1.2.1}{\376\377\000a\000r\000g\000c}{subsection.5.1.2}
\BOOKMARK [3][-]{subsubsection.5.1.2.2}{\376\377\000a\000r\000g\000v}{subsection.5.1.2}
\BOOKMARK [3][-]{subsubsection.5.1.2.3}{\376\377\000i\000d}{subsection.5.1.2}
\BOOKMARK [3][-]{subsubsection.5.1.2.4}{\376\377\000n\000a\000m\000e}{subsection.5.1.2}
\BOOKMARK [1][-]{section.5.2}{\376\377\000c\000o\000m\000m\000a\000n\000d\000\137\000f\000u\000n\000c\000\040\000S\000t\000r\000u\000c\000t\000\040\000R\000e\000f\000e\000r\000e\000n\000c\000e}{chapter.5}
\BOOKMARK [2][-]{subsection.5.2.1}{\376\377\000D\000e\000t\000a\000i\000l\000e\000d\000\040\000D\000e\000s\000c\000r\000i\000p\000t\000i\000o\000n}{section.5.2}
\BOOKMARK [2][-]{subsection.5.2.2}{\376\377\000F\000i\000e\000l\000d\000\040\000D\000o\000c\000u\000m\000e\000n\000t\000a\000t\000i\000o\000n}{section.5.2}
\BOOKMARK [3][-]{subsubsection.5.2.2.1}{\376\377\000c\000o\000m\000m\000a\000n\000d}{subsection.5.2.2}
\BOOKMARK [3][-]{subsubsection.5.2.2.2}{\376\377\000f\000u\000n\000c\000t\000i\000o\000n}{subsection.5.2.2}
\BOOKMARK [0][-]{chapter.6}{\376\377\000F\000i\000l\000e\000\040\000D\000o\000c\000u\000m\000e\000n\000t\000a\000t\000i\000o\000n}{}
\BOOKMARK [1][-]{section.6.1}{\376\377\000s\000r\000c\000/\000b\000o\000a\000r\000d\000.\000c\000\040\000F\000i\000l\000e\000\040\000R\000e\000f\000e\000r\000e\000n\000c\000e}{chapter.6}
\BOOKMARK [2][-]{subsection.6.1.1}{\376\377\000F\000u\000n\000c\000t\000i\000o\000n\000\040\000D\000o\000c\000u\000m\000e\000n\000t\000a\000t\000i\000o\000n}{section.6.1}
\BOOKMARK [3][-]{subsubsection.6.1.1.1}{\376\377\000f\000r\000e\000e\000\137\000b\000o\000a\000r\000d}{subsection.6.1.1}
\BOOKMARK [3][-]{subsubsection.6.1.1.2}{\376\377\000g\000e\000t\000\137\000b\000o\000a\000r\000d\000\137\000a\000s\000\137\000s\000t\000r\000i\000n\000g}{subsection.6.1.1}
\BOOKMARK [3][-]{subsubsection.6.1.1.3}{\376\377\000g\000e\000t\000\137\000b\000o\000a\000r\000d\000\137\000s\000i\000z\000e}{subsection.6.1.1}
\BOOKMARK [3][-]{subsubsection.6.1.1.4}{\376\377\000g\000e\000t\000\137\000l\000a\000b\000e\000l\000\137\000x}{subsection.6.1.1}
\BOOKMARK [3][-]{subsubsection.6.1.1.5}{\376\377\000g\000e\000t\000\137\000l\000a\000b\000e\000l\000\137\000y\000\137\000l\000e\000f\000t}{subsection.6.1.1}
\BOOKMARK [3][-]{subsubsection.6.1.1.6}{\376\377\000g\000e\000t\000\137\000l\000a\000b\000e\000l\000\137\000y\000\137\000r\000i\000g\000h\000t}{subsection.6.1.1}
\BOOKMARK [3][-]{subsubsection.6.1.1.7}{\376\377\000i\000n\000i\000t\000\137\000b\000o\000a\000r\000d}{subsection.6.1.1}
\BOOKMARK [3][-]{subsubsection.6.1.1.8}{\376\377\000i\000s\000\137\000h\000o\000s\000h\000i}{subsection.6.1.1}
\BOOKMARK [3][-]{subsubsection.6.1.1.9}{\376\377\000s\000e\000t\000\137\000v\000e\000r\000t\000e\000x}{subsection.6.1.1}
\BOOKMARK [2][-]{subsection.6.1.2}{\376\377\000V\000a\000r\000i\000a\000b\000l\000e\000\040\000D\000o\000c\000u\000m\000e\000n\000t\000a\000t\000i\000o\000n}{section.6.1}
\BOOKMARK [3][-]{subsubsection.6.1.2.1}{\376\377\000b\000o\000a\000r\000d}{subsection.6.1.2}
\BOOKMARK [3][-]{subsubsection.6.1.2.2}{\376\377\000b\000o\000a\000r\000d\000\137\000s\000i\000z\000e}{subsection.6.1.2}
\BOOKMARK [3][-]{subsubsection.6.1.2.3}{\376\377\000h\000o\000s\000h\000i}{subsection.6.1.2}
\BOOKMARK [1][-]{section.6.2}{\376\377\000s\000r\000c\000/\000b\000o\000a\000r\000d\000.\000h\000\040\000F\000i\000l\000e\000\040\000R\000e\000f\000e\000r\000e\000n\000c\000e}{chapter.6}
\BOOKMARK [2][-]{subsection.6.2.1}{\376\377\000F\000u\000n\000c\000t\000i\000o\000n\000\040\000D\000o\000c\000u\000m\000e\000n\000t\000a\000t\000i\000o\000n}{section.6.2}
\BOOKMARK [3][-]{subsubsection.6.2.1.1}{\376\377\000f\000r\000e\000e\000\137\000b\000o\000a\000r\000d}{subsection.6.2.1}
\BOOKMARK [3][-]{subsubsection.6.2.1.2}{\376\377\000g\000e\000t\000\137\000b\000o\000a\000r\000d\000\137\000a\000s\000\137\000s\000t\000r\000i\000n\000g}{subsection.6.2.1}
\BOOKMARK [3][-]{subsubsection.6.2.1.3}{\376\377\000g\000e\000t\000\137\000b\000o\000a\000r\000d\000\137\000s\000i\000z\000e}{subsection.6.2.1}
\BOOKMARK [3][-]{subsubsection.6.2.1.4}{\376\377\000i\000n\000i\000t\000\137\000b\000o\000a\000r\000d}{subsection.6.2.1}
\BOOKMARK [3][-]{subsubsection.6.2.1.5}{\376\377\000s\000e\000t\000\137\000v\000e\000r\000t\000e\000x}{subsection.6.2.1}
\BOOKMARK [1][-]{section.6.3}{\376\377\000s\000r\000c\000/\000g\000l\000o\000b\000a\000l\000\137\000c\000o\000n\000s\000t\000.\000h\000\040\000F\000i\000l\000e\000\040\000R\000e\000f\000e\000r\000e\000n\000c\000e}{chapter.6}
\BOOKMARK [2][-]{subsection.6.3.1}{\376\377\000D\000e\000f\000i\000n\000e\000\040\000D\000o\000c\000u\000m\000e\000n\000t\000a\000t\000i\000o\000n}{section.6.3}
\BOOKMARK [3][-]{subsubsection.6.3.1.1}{\376\377\000B\000L\000A\000C\000K}{subsection.6.3.1}
\BOOKMARK [3][-]{subsubsection.6.3.1.2}{\376\377\000B\000L\000A\000C\000K\000\137\000S\000T\000O\000N\000E}{subsection.6.3.1}
\BOOKMARK [3][-]{subsubsection.6.3.1.3}{\376\377\000B\000O\000A\000R\000D\000\137\000S\000I\000Z\000E\000\137\000D\000E\000F}{subsection.6.3.1}
\BOOKMARK [3][-]{subsubsection.6.3.1.4}{\376\377\000B\000O\000A\000R\000D\000\137\000S\000I\000Z\000E\000\137\000M\000A\000X}{subsection.6.3.1}
\BOOKMARK [3][-]{subsubsection.6.3.1.5}{\376\377\000B\000O\000A\000R\000D\000\137\000S\000I\000Z\000E\000\137\000M\000I\000N}{subsection.6.3.1}
\BOOKMARK [3][-]{subsubsection.6.3.1.6}{\376\377\000E\000M\000P\000T\000Y}{subsection.6.3.1}
\BOOKMARK [3][-]{subsubsection.6.3.1.7}{\376\377\000F\000I\000E\000L\000D\000\137\000E\000M\000P\000T\000Y}{subsection.6.3.1}
\BOOKMARK [3][-]{subsubsection.6.3.1.8}{\376\377\000F\000I\000E\000L\000D\000\137\000H\000O\000S\000H\000I}{subsection.6.3.1}
\BOOKMARK [3][-]{subsubsection.6.3.1.9}{\376\377\000M\000A\000X\000\137\000O\000U\000T\000P\000U\000T\000\137\000L\000E\000N\000G\000T\000H}{subsection.6.3.1}
\BOOKMARK [3][-]{subsubsection.6.3.1.10}{\376\377\000M\000A\000X\000\137\000T\000O\000K\000E\000N\000\137\000C\000O\000U\000N\000T}{subsection.6.3.1}
\BOOKMARK [3][-]{subsubsection.6.3.1.11}{\376\377\000M\000A\000X\000\137\000T\000O\000K\000E\000N\000\137\000L\000E\000N\000G\000T\000H}{subsection.6.3.1}
\BOOKMARK [3][-]{subsubsection.6.3.1.12}{\376\377\000W\000H\000I\000T\000E}{subsection.6.3.1}
\BOOKMARK [3][-]{subsubsection.6.3.1.13}{\376\377\000W\000H\000I\000T\000E\000\137\000S\000T\000O\000N\000E}{subsection.6.3.1}
\BOOKMARK [1][-]{section.6.4}{\376\377\000s\000r\000c\000/\000i\000o\000.\000c\000\040\000F\000i\000l\000e\000\040\000R\000e\000f\000e\000r\000e\000n\000c\000e}{chapter.6}
\BOOKMARK [2][-]{subsection.6.4.1}{\376\377\000F\000u\000n\000c\000t\000i\000o\000n\000\040\000D\000o\000c\000u\000m\000e\000n\000t\000a\000t\000i\000o\000n}{section.6.4}
\BOOKMARK [3][-]{subsubsection.6.4.1.1}{\376\377\000a\000d\000d\000\137\000o\000u\000t\000p\000u\000t}{subsection.6.4.1}
\BOOKMARK [3][-]{subsubsection.6.4.1.2}{\376\377\000d\000r\000o\000p\000\137\000c\000o\000m\000m\000e\000n\000t}{subsection.6.4.1}
\BOOKMARK [3][-]{subsubsection.6.4.1.3}{\376\377\000g\000e\000t\000\137\000o\000u\000t\000p\000u\000t\000\137\000e\000r\000r\000o\000r}{subsection.6.4.1}
\BOOKMARK [3][-]{subsubsection.6.4.1.4}{\376\377\000i\000d\000e\000n\000t\000i\000f\000y\000\137\000t\000o\000k\000e\000n\000s}{subsection.6.4.1}
\BOOKMARK [3][-]{subsubsection.6.4.1.5}{\376\377\000i\000n\000i\000t\000\137\000t\000o\000k\000e\000n\000s}{subsection.6.4.1}
\BOOKMARK [3][-]{subsubsection.6.4.1.6}{\376\377\000i\000s\000\137\000i\000n\000p\000u\000t\000\137\000e\000m\000p\000t\000y}{subsection.6.4.1}
\BOOKMARK [3][-]{subsubsection.6.4.1.7}{\376\377\000p\000a\000r\000s\000e\000\137\000g\000t\000p\000\137\000i\000n\000p\000u\000t}{subsection.6.4.1}
\BOOKMARK [3][-]{subsubsection.6.4.1.8}{\376\377\000p\000r\000i\000n\000t\000\137\000o\000u\000t\000p\000u\000t}{subsection.6.4.1}
\BOOKMARK [3][-]{subsubsection.6.4.1.9}{\376\377\000r\000e\000a\000d\000\137\000g\000t\000p\000\137\000i\000n\000p\000u\000t}{subsection.6.4.1}
\BOOKMARK [3][-]{subsubsection.6.4.1.10}{\376\377\000s\000e\000t\000\137\000o\000u\000t\000p\000u\000t\000\137\000e\000r\000r\000o\000r}{subsection.6.4.1}
\BOOKMARK [3][-]{subsubsection.6.4.1.11}{\376\377\000t\000r\000i\000m}{subsection.6.4.1}
\BOOKMARK [2][-]{subsection.6.4.2}{\376\377\000V\000a\000r\000i\000a\000b\000l\000e\000\040\000D\000o\000c\000u\000m\000e\000n\000t\000a\000t\000i\000o\000n}{section.6.4}
\BOOKMARK [3][-]{subsubsection.6.4.2.1}{\376\377\000c\000o\000m\000m\000a\000n\000d\000\137\000i\000n\000p\000u\000t\000\137\000b\000u\000f\000f\000e\000r}{subsection.6.4.2}
\BOOKMARK [3][-]{subsubsection.6.4.2.2}{\376\377\000i\000n\000p\000u\000t\000\137\000e\000m\000p\000t\000y}{subsection.6.4.2}
\BOOKMARK [3][-]{subsubsection.6.4.2.3}{\376\377\000o\000u\000t\000p\000u\000t}{subsection.6.4.2}
\BOOKMARK [3][-]{subsubsection.6.4.2.4}{\376\377\000o\000u\000t\000p\000u\000t\000\137\000e\000r\000r\000o\000r}{subsection.6.4.2}
\BOOKMARK [1][-]{section.6.5}{\376\377\000s\000r\000c\000/\000i\000o\000.\000h\000\040\000F\000i\000l\000e\000\040\000R\000e\000f\000e\000r\000e\000n\000c\000e}{chapter.6}
\BOOKMARK [2][-]{subsection.6.5.1}{\376\377\000D\000e\000f\000i\000n\000e\000\040\000D\000o\000c\000u\000m\000e\000n\000t\000a\000t\000i\000o\000n}{section.6.5}
\BOOKMARK [3][-]{subsubsection.6.5.1.1}{\376\377\000S\000I\000Z\000E\000\137\000I\000N\000P\000U\000T\000\137\000B\000U\000F\000F\000E\000R}{subsection.6.5.1}
\BOOKMARK [2][-]{subsection.6.5.2}{\376\377\000F\000u\000n\000c\000t\000i\000o\000n\000\040\000D\000o\000c\000u\000m\000e\000n\000t\000a\000t\000i\000o\000n}{section.6.5}
\BOOKMARK [3][-]{subsubsection.6.5.2.1}{\376\377\000a\000d\000d\000\137\000o\000u\000t\000p\000u\000t}{subsection.6.5.2}
\BOOKMARK [3][-]{subsubsection.6.5.2.2}{\376\377\000d\000r\000o\000p\000\137\000c\000o\000m\000m\000e\000n\000t}{subsection.6.5.2}
\BOOKMARK [3][-]{subsubsection.6.5.2.3}{\376\377\000g\000e\000t\000\137\000o\000u\000t\000p\000u\000t\000\137\000e\000r\000r\000o\000r}{subsection.6.5.2}
\BOOKMARK [3][-]{subsubsection.6.5.2.4}{\376\377\000i\000d\000e\000n\000t\000i\000f\000y\000\137\000t\000o\000k\000e\000n\000s}{subsection.6.5.2}
\BOOKMARK [3][-]{subsubsection.6.5.2.5}{\376\377\000i\000n\000i\000t\000\137\000t\000o\000k\000e\000n\000s}{subsection.6.5.2}
\BOOKMARK [3][-]{subsubsection.6.5.2.6}{\376\377\000i\000s\000\137\000i\000n\000p\000u\000t\000\137\000e\000m\000p\000t\000y}{subsection.6.5.2}
\BOOKMARK [3][-]{subsubsection.6.5.2.7}{\376\377\000p\000a\000r\000s\000e\000\137\000g\000t\000p\000\137\000i\000n\000p\000u\000t}{subsection.6.5.2}
\BOOKMARK [3][-]{subsubsection.6.5.2.8}{\376\377\000p\000r\000i\000n\000t\000\137\000o\000u\000t\000p\000u\000t}{subsection.6.5.2}
\BOOKMARK [3][-]{subsubsection.6.5.2.9}{\376\377\000r\000e\000a\000d\000\137\000g\000t\000p\000\137\000i\000n\000p\000u\000t}{subsection.6.5.2}
\BOOKMARK [3][-]{subsubsection.6.5.2.10}{\376\377\000s\000e\000t\000\137\000o\000u\000t\000p\000u\000t\000\137\000e\000r\000r\000o\000r}{subsection.6.5.2}
\BOOKMARK [3][-]{subsubsection.6.5.2.11}{\376\377\000t\000r\000i\000m}{subsection.6.5.2}
\BOOKMARK [1][-]{section.6.6}{\376\377\000s\000r\000c\000/\000m\000a\000i\000n\000.\000c\000\040\000F\000i\000l\000e\000\040\000R\000e\000f\000e\000r\000e\000n\000c\000e}{chapter.6}
\BOOKMARK [2][-]{subsection.6.6.1}{\376\377\000F\000u\000n\000c\000t\000i\000o\000n\000\040\000D\000o\000c\000u\000m\000e\000n\000t\000a\000t\000i\000o\000n}{section.6.6}
\BOOKMARK [3][-]{subsubsection.6.6.1.1}{\376\377\000m\000a\000i\000n}{subsection.6.6.1}
\BOOKMARK [1][-]{section.6.7}{\376\377\000s\000r\000c\000/\000r\000u\000n\000\137\000p\000r\000o\000g\000r\000a\000m\000.\000c\000\040\000F\000i\000l\000e\000\040\000R\000e\000f\000e\000r\000e\000n\000c\000e}{chapter.6}
\BOOKMARK [2][-]{subsection.6.7.1}{\376\377\000F\000u\000n\000c\000t\000i\000o\000n\000\040\000D\000o\000c\000u\000m\000e\000n\000t\000a\000t\000i\000o\000n}{section.6.7}
\BOOKMARK [3][-]{subsubsection.6.7.1.1}{\376\377\000i\000n\000i\000t\000\137\000k\000n\000o\000w\000n\000\137\000c\000o\000m\000m\000a\000n\000d\000s}{subsection.6.7.1}
\BOOKMARK [3][-]{subsubsection.6.7.1.2}{\376\377\000p\000r\000i\000n\000t\000\137\000h\000e\000l\000p\000\137\000m\000e\000s\000s\000a\000g\000e}{subsection.6.7.1}
\BOOKMARK [3][-]{subsubsection.6.7.1.3}{\376\377\000p\000r\000i\000n\000t\000\137\000v\000e\000r\000s\000i\000o\000n}{subsection.6.7.1}
\BOOKMARK [3][-]{subsubsection.6.7.1.4}{\376\377\000r\000e\000a\000d\000\137\000o\000p\000t\000s}{subsection.6.7.1}
\BOOKMARK [3][-]{subsubsection.6.7.1.5}{\376\377\000r\000u\000n}{subsection.6.7.1}
\BOOKMARK [3][-]{subsubsection.6.7.1.6}{\376\377\000s\000e\000l\000e\000c\000t\000\137\000c\000o\000m\000m\000a\000n\000d}{subsection.6.7.1}
\BOOKMARK [3][-]{subsubsection.6.7.1.7}{\376\377\000s\000e\000t\000\137\000q\000u\000i\000t\000\137\000p\000r\000o\000g\000r\000a\000m}{subsection.6.7.1}
\BOOKMARK [3][-]{subsubsection.6.7.1.8}{\376\377\000s\000t\000r\000\137\000t\000o\000u\000p\000p\000e\000r}{subsection.6.7.1}
\BOOKMARK [2][-]{subsection.6.7.2}{\376\377\000V\000a\000r\000i\000a\000b\000l\000e\000\040\000D\000o\000c\000u\000m\000e\000n\000t\000a\000t\000i\000o\000n}{section.6.7}
\BOOKMARK [3][-]{subsubsection.6.7.2.1}{\376\377\000G\000T\000P\000\137\000V\000E\000R\000S\000I\000O\000N}{subsection.6.7.2}
\BOOKMARK [3][-]{subsubsection.6.7.2.2}{\376\377\000h\000e\000l\000p\000\137\000m\000e\000s\000s\000a\000g\000e}{subsection.6.7.2}
\BOOKMARK [3][-]{subsubsection.6.7.2.3}{\376\377\000k\000n\000o\000w\000n\000\137\000c\000o\000m\000m\000a\000n\000d\000s}{subsection.6.7.2}
\BOOKMARK [3][-]{subsubsection.6.7.2.4}{\376\377\000k\000o\000m\000i}{subsection.6.7.2}
\BOOKMARK [3][-]{subsubsection.6.7.2.5}{\376\377\000P\000R\000O\000G\000R\000A\000M\000\137\000N\000A\000M\000E}{subsection.6.7.2}
\BOOKMARK [3][-]{subsubsection.6.7.2.6}{\376\377\000P\000R\000O\000G\000R\000A\000M\000\137\000V\000E\000R\000S\000I\000O\000N}{subsection.6.7.2}
\BOOKMARK [3][-]{subsubsection.6.7.2.7}{\376\377\000q\000u\000i\000t\000\137\000p\000r\000o\000g\000r\000a\000m}{subsection.6.7.2}
\BOOKMARK [1][-]{section.6.8}{\376\377\000s\000r\000c\000/\000r\000u\000n\000\137\000p\000r\000o\000g\000r\000a\000m\000.\000h\000\040\000F\000i\000l\000e\000\040\000R\000e\000f\000e\000r\000e\000n\000c\000e}{chapter.6}
\BOOKMARK [2][-]{subsection.6.8.1}{\376\377\000D\000e\000f\000i\000n\000e\000\040\000D\000o\000c\000u\000m\000e\000n\000t\000a\000t\000i\000o\000n}{section.6.8}
\BOOKMARK [3][-]{subsubsection.6.8.1.1}{\376\377\000C\000O\000U\000N\000T\000\137\000K\000N\000O\000W\000N\000\137\000C\000O\000M\000M\000A\000N\000D\000S}{subsection.6.8.1}
\BOOKMARK [2][-]{subsection.6.8.2}{\376\377\000F\000u\000n\000c\000t\000i\000o\000n\000\040\000D\000o\000c\000u\000m\000e\000n\000t\000a\000t\000i\000o\000n}{section.6.8}
\BOOKMARK [3][-]{subsubsection.6.8.2.1}{\376\377\000r\000u\000n}{subsection.6.8.2}
